<?xml version="1.0" encoding="UTF-8"?>
<!-- Generated by org.testng.reporters.JUnitReportReporter -->
<testsuite skipped="0" hostname="Lenovo-PC" name="tests.Login" tests="1" failures="0" timestamp="24 Mar 2018 19:09:50 GMT" time="53.748" errors="0">
  <testcase name="launchLoginPage" time="53.748" classname="tests.Login"/>
</testsuite> <!-- tests.Login -->
