<?xml version="1.0" encoding="UTF-8"?>
<!-- Generated by org.testng.reporters.JUnitReportReporter -->
<testsuite skipped="0" hostname="Lenovo-PC" name="tests.ReadActivityStats" tests="1" failures="0" timestamp="25 Mar 2018 05:46:14 GMT" time="46.945" errors="0">
  <testcase name="readArticleStats" time="46.945" classname="tests.ReadActivityStats"/>
</testsuite> <!-- tests.ReadActivityStats -->
